MyFirstApp/app/build/intermediates/manifest_merge_blame_file/debug/manifest-merger-blame-debug-report.txt
1<?xml version="1.0" encoding="utf-8"?>
2<manifest xmlns:android="http://schemas.android.com/apk/res/android"
3    package="com.example.myfirstapp"
4    android:versionCode="1"
5    android:versionName="1.0" >
6
7    <uses-sdk
8        android:minSdkVersion="15"
8-->src\main\AndroidManifest.xml
9        android:targetSdkVersion="29" />
9-->src\main\AndroidManifest.xml
10
11    <application
11-->src\main\AndroidManifest.xml:5:5-29:19
12        android:allowBackup="true"
12-->src\main\AndroidManifest.xml:6:9-35
13        android:appComponentFactory="androidx.core.app.CoreComponentFactory"
13-->[androidx.core:core:1.0.1] AndroidManifest.xml:22:18-86
14        android:debuggable="true"
15        android:icon="@mipmap/ic_launcher"
15-->src\main\AndroidManifest.xml:7:9-43
16        android:label="@string/app_name"
16-->src\main\AndroidManifest.xml:8:9-41
17        android:roundIcon="@mipmap/ic_launcher_round"
17-->src\main\AndroidManifest.xml:9:9-54
18        android:supportsRtl="true"
18-->src\main\AndroidManifest.xml:10:9-35
19        android:theme="@style/AppTheme" >
19-->src\main\AndroidManifest.xml:11:9-40
20        <activity android:name="com.example.myfirstapp.gallery" />
20-->src\main\AndroidManifest.xml:12:9-54
20-->src\main\AndroidManifest.xml:12:19-42
21        <activity
21-->src\main\AndroidManifest.xml:14:9-22:20
22            android:name="com.example.myfirstapp.SplashScreen"
22-->src\main\AndroidManifest.xml:14:19-47
23            android:theme="@style/SplashScreen" >
23-->src\main\AndroidManifest.xml:15:13-48
24            <intent-filter>
24-->src\main\AndroidManifest.xml:17:13-21:29
25                <action android:name="android.intent.action.MAIN" />
25-->src\main\AndroidManifest.xml:18:17-69
25-->src\main\AndroidManifest.xml:18:25-66
26
27                <category android:name="android.intent.category.LAUNCHER" />
27-->src\main\AndroidManifest.xml:20:17-77
27-->src\main\AndroidManifest.xml:20:27-74
28            </intent-filter>
29        </activity>
30        <activity
30-->src\main\AndroidManifest.xml:24:9-26:20
31            android:name="com.example.myfirstapp.MainActivity"
31-->src\main\AndroidManifest.xml:24:19-47
32            android:theme="@style/AppTheme" >
32-->src\main\AndroidManifest.xml:25:13-44
33        </activity>
34    </application>
35
36</manifest>